#
# There is insufficient memory for the Java Runtime Environment to continue.
# Native memory allocation (malloc) failed to allocate 131088 bytes for Chunk::new
# Possible reasons:
#   The system is out of physical RAM or swap space
#   The process is running with CompressedOops enabled, and the Java Heap may be blocking the growth of the native heap
# Possible solutions:
#   Reduce memory load on the system
#   Increase physical memory or swap space
#   Check if swap backing store is full
#   Decrease Java heap size (-Xmx/-Xms)
#   Decrease number of Java threads
#   Decrease Java thread stack sizes (-Xss)
#   Set larger code cache with -XX:ReservedCodeCacheSize=
#   JVM is running with Unscaled Compressed Oops mode in which the Java heap is
#     placed in the first 4GB address space. The Java Heap base address is the
#     maximum limit for the native heap growth. Please use -XX:HeapBaseMinAddress
#     to set the Java Heap base and to place the Java Heap above 4GB virtual address.
# This output file may be truncated or incomplete.
#
#  Out of Memory Error (allocation.cpp:389), pid=8228, tid=0x0000000000001158
#
# JRE version: OpenJDK Runtime Environment (8.0_202-b03) (build 1.8.0_202-release-1483-b03)
# Java VM: OpenJDK 64-Bit Server VM (25.202-b03 mixed mode windows-amd64 compressed oops)
# Failed to write core dump. Minidumps are not enabled by default on client versions of Windows
#

---------------  T H R E A D  ---------------

Current thread (0x00000000158a7800):  JavaThread "C2 CompilerThread0" daemon [_thread_in_native, id=4440, stack(0x0000000017050000,0x0000000017150000)]

Stack: [0x0000000017050000,0x0000000017150000]
[error occurred during error reporting (printing stack bounds), id 0xc0000005]

Native frames: (J=compiled Java code, j=interpreted, Vv=VM code, C=native code)


Current CompileTask:
C2:  18399 5902 %     4       org.gradle.internal.instantiation.AbstractClassGenerator::inspectType @ 107 (559 bytes)


---------------  P R O C E S S  ---------------

Java Threads: ( => current thread )
  0x000000001aeb6000 JavaThread "Execution worker for ':' Thread 3" [_thread_in_native, id=612, stack(0x0000000023150000,0x0000000023250000)]
  0x000000001aeb4000 JavaThread "Execution worker for ':' Thread 2" [_thread_blocked, id=6844, stack(0x0000000023050000,0x0000000023150000)]
  0x000000001aeb3000 JavaThread "Execution worker for ':'" [_thread_blocked, id=6808, stack(0x0000000022900000,0x0000000022a00000)]
  0x000000001aeb4800 JavaThread "Cache worker for file content cache (C:\Users\RPL\AndroidStudioProjects\FlowerRecyclerView\.gradle\5.4.1\fileContent)" [_thread_blocked, id=7412, stack(0x0000000022b50000,0x0000000022c50000)]
  0x000000001aeb5800 JavaThread "Cache worker for file content cache (C:\Users\RPL\.gradle\caches\5.4.1\fileContent)" [_thread_blocked, id=4276, stack(0x0000000022a50000,0x0000000022b50000)]
  0x000000001aeb0000 JavaThread "Memory manager" [_thread_blocked, id=9060, stack(0x0000000021d40000,0x0000000021e40000)]
  0x000000001aeae800 JavaThread "Cache worker for Build Output Cleanup Cache (C:\Users\RPL\AndroidStudioProjects\FlowerRecyclerView\.gradle\buildOutputCleanup)" [_thread_blocked, id=2636, stack(0x0000000021840000,0x0000000021940000)]
  0x000000001aead000 JavaThread "Build operations Thread 4" [_thread_blocked, id=4504, stack(0x0000000021340000,0x0000000021440000)]
  0x000000001aeac800 JavaThread "Build operations Thread 3" [_thread_blocked, id=7096, stack(0x0000000020020000,0x0000000020120000)]
  0x000000001aea8000 JavaThread "Build operations Thread 2" [_thread_blocked, id=6676, stack(0x000000001ff20000,0x0000000020020000)]
  0x000000001aea9800 JavaThread "Build operations" [_thread_blocked, id=7484, stack(0x000000001fe20000,0x000000001ff20000)]
  0x000000001aeaa000 JavaThread "Cache worker for execution history cache (C:\Users\RPL\.gradle\caches\5.4.1\executionHistory)" [_thread_blocked, id=8664, stack(0x000000001fb20000,0x000000001fc20000)]
  0x000000001aea8800 JavaThread "Cache worker for cache directory md-rule (C:\Users\RPL\.gradle\caches\5.4.1\md-rule)" [_thread_blocked, id=6044, stack(0x000000001f820000,0x000000001f920000)]
  0x000000001aeab000 JavaThread "Cache worker for cache directory md-supplier (C:\Users\RPL\.gradle\caches\5.4.1\md-supplier)" [_thread_blocked, id=4044, stack(0x000000001e4b0000,0x000000001e5b0000)]
  0x0000000018b3a800 JavaThread "Cache worker for file hash cache (C:\Users\RPL\AndroidStudioProjects\FlowerRecyclerView\.gradle\5.4.1\fileHashes)" [_thread_blocked, id=8972, stack(0x000000001dd70000,0x000000001de70000)]
  0x0000000018b3c000 JavaThread "Cache worker for journal cache (C:\Users\RPL\.gradle\caches\journal-1)" [_thread_blocked, id=3024, stack(0x000000001a800000,0x000000001a900000)]
  0x0000000018b3d800 JavaThread "File lock request listener" [_thread_in_native, id=4384, stack(0x000000001a700000,0x000000001a800000)]
  0x0000000018fc2800 JavaThread "Cache worker for file hash cache (C:\Users\RPL\.gradle\caches\5.4.1\fileHashes)" [_thread_blocked, id=7956, stack(0x000000001a600000,0x000000001a700000)]
  0x0000000018b44800 JavaThread "Thread-9" [_thread_blocked, id=6684, stack(0x000000001a500000,0x000000001a600000)]
  0x0000000018dc8000 JavaThread "Stdin handler" [_thread_blocked, id=2584, stack(0x000000001a400000,0x000000001a500000)]
  0x0000000018dbe000 JavaThread "Asynchronous log dispatcher for DefaultDaemonConnection: socket connection from /127.0.0.1:49560 to /127.0.0.1:49561" [_thread_blocked, id=9100, stack(0x000000001a300000,0x000000001a400000)]
  0x0000000018b6b000 JavaThread "Daemon worker" [_thread_blocked, id=7200, stack(0x000000001a200000,0x000000001a300000)]
  0x0000000018b74000 JavaThread "Cancel handler" [_thread_blocked, id=8584, stack(0x000000001a100000,0x000000001a200000)]
  0x0000000018c21800 JavaThread "Handler for socket connection from /127.0.0.1:49560 to /127.0.0.1:49561" [_thread_in_native, id=2800, stack(0x0000000019e00000,0x0000000019f00000)]
  0x0000000018c1e800 JavaThread "Daemon" [_thread_blocked, id=8224, stack(0x0000000019d00000,0x0000000019e00000)]
  0x0000000018bf1000 JavaThread "Daemon periodic checks" [_thread_blocked, id=3040, stack(0x0000000019c00000,0x0000000019d00000)]
  0x0000000018a71800 JavaThread "Incoming local TCP Connector on port 49560" [_thread_in_native, id=4372, stack(0x0000000019700000,0x0000000019800000)]
  0x0000000018b92800 JavaThread "Daemon health stats" [_thread_blocked, id=5352, stack(0x0000000019120000,0x0000000019220000)]
  0x00000000158fc000 JavaThread "Service Thread" daemon [_thread_blocked, id=8444, stack(0x0000000017750000,0x0000000017850000)]
  0x00000000158a4000 JavaThread "C1 CompilerThread2" daemon [_thread_blocked, id=500, stack(0x0000000017250000,0x0000000017350000)]
  0x000000001589c000 JavaThread "C2 CompilerThread1" daemon [_thread_blocked, id=8716, stack(0x0000000017150000,0x0000000017250000)]
=>0x00000000158a7800 JavaThread "C2 CompilerThread0" daemon [_thread_in_native, id=4440, stack(0x0000000017050000,0x0000000017150000)]
  0x00000000158a6000 JavaThread "Attach Listener" daemon [_thread_blocked, id=7176, stack(0x0000000016f50000,0x0000000017050000)]
  0x00000000158a5000 JavaThread "Signal Dispatcher" daemon [_thread_blocked, id=4392, stack(0x0000000016e50000,0x0000000016f50000)]
  0x0000000001f2b800 JavaThread "Finalizer" daemon [_thread_blocked, id=6656, stack(0x0000000016b20000,0x0000000016c20000)]
  0x0000000015889000 JavaThread "Reference Handler" daemon [_thread_blocked, id=8256, stack(0x0000000016a20000,0x0000000016b20000)]
  0x0000000001c3d800 JavaThread "main" [_thread_blocked, id=8992, stack(0x0000000001d30000,0x0000000001e30000)]

Other Threads:
  0x0000000015867000 VMThread [stack: 0x0000000016920000,0x0000000016a20000] [id=8500]
  0x00000000158fe000 WatcherThread [stack: 0x0000000017850000,0x0000000017950000] [id=9020]

VM state:not at safepoint (normal execution)

VM Mutex/Monitor currently owned by a thread: None

heap address: 0x00000000a0000000, size: 1536 MB, Compressed Oops mode: 32-bit
Narrow klass base: 0x0000000000000000, Narrow klass shift: 3
Compressed class space size: 1073741824 Address: 0x0000000100000000

Heap:
 PSYoungGen      total 168448K, used 35811K [0x00000000e0000000, 0x00000000eba80000, 0x0000000100000000)
  eden space 148480K, 24% used [0x00000000e0000000,0x00000000e22f8c10,0x00000000e9100000)
  from space 19968K, 0% used [0x00000000e9100000,0x00000000e9100000,0x00000000ea480000)
  to   space 15872K, 0% used [0x00000000ea480000,0x00000000ea480000,0x00000000eb400000)
 ParOldGen       total 57344K, used 28670K [0x00000000a0000000, 0x00000000a3800000, 0x00000000e0000000)
  object space 57344K, 49% used [0x00000000a0000000,0x00000000a1bff850,0x00000000a3800000)
 Metaspace       used 59354K, capacity 60986K, committed 61144K, reserved 1101824K
  class space    used 8022K, capacity 8398K, committed 8448K, reserved 1048576K

Card table byte_map: [0x00000000112f0000,0x0000000011600000] byte_map_base: 0x0000000010df0000

Marking Bits: (ParMarkBitMap*) 0x0000000073669f30
 Begin Bits: [0x0000000011c00000, 0x0000000013400000)
 End Bits:   [0x0000000013400000, 0x0000000014c00000)

Polling page: 0x0000000001ba0000

CodeCache: size=245760Kb used=18721Kb max_used=18725Kb free=227038Kb
 bounds [0x0000000001f30000, 0x0000000003190000, 0x0000000010f30000]
 total_blobs=6487 nmethods=5702 adapters=698
 compilation: enabled

Compilation events (10 events):
Event: 18.196 Thread 0x00000000158a4000 nmethod 6024 0x000000000315c410 code [0x000000000315c560, 0x000000000315c650]
Event: 18.198 Thread 0x00000000158a4000 6025       3       com.google.common.collect.AbstractMapBasedMultimap$WrappedCollection$WrappedIterator::next (14 bytes)
Event: 18.199 Thread 0x00000000158a4000 nmethod 6025 0x000000000315c6d0 code [0x000000000315c860, 0x000000000315cca8]
Event: 18.199 Thread 0x00000000158a4000 6026       1       org.gradle.internal.instantiation.AbstractClassGenerator$ExtensibleTypePropertyHandler::access$1000 (5 bytes)
Event: 18.199 Thread 0x00000000158a4000 nmethod 6026 0x000000000315ced0 code [0x000000000315d020, 0x000000000315d110]
Event: 18.200 Thread 0x00000000158a4000 6027       3       org.gradle.launcher.daemon.protocol.Message::<init> (5 bytes)
Event: 18.200 Thread 0x00000000158a4000 nmethod 6027 0x000000000315d190 code [0x000000000315d2e0, 0x000000000315d490]
Event: 18.205 Thread 0x000000001589c000 nmethod 6000 0x0000000003161250 code [0x0000000003161440, 0x00000000031624d8]
Event: 18.205 Thread 0x000000001589c000 6018       4       com.google.common.collect.RegularImmutableSet::contains (56 bytes)
Event: 18.207 Thread 0x000000001589c000 nmethod 6018 0x000000000315df10 code [0x000000000315e060, 0x000000000315e258]

GC Heap History (10 events):
Event: 9.162 GC heap before
{Heap before GC invocations=12 (full 2):
 PSYoungGen      total 133632K, used 9142K [0x00000000e0000000, 0x00000000eac00000, 0x0000000100000000)
  eden space 122880K, 0% used [0x00000000e0000000,0x00000000e0000000,0x00000000e7800000)
  from space 10752K, 85% used [0x00000000e8480000,0x00000000e8d6d908,0x00000000e8f00000)
  to   space 12800K, 0% used [0x00000000e7800000,0x00000000e7800000,0x00000000e8480000)
 ParOldGen       total 38400K, used 11675K [0x00000000a0000000, 0x00000000a2580000, 0x00000000e0000000)
  object space 38400K, 30% used [0x00000000a0000000,0x00000000a0b66f10,0x00000000a2580000)
 Metaspace       used 34520K, capacity 35238K, committed 35416K, reserved 1079296K
  class space    used 4738K, capacity 4934K, committed 4992K, reserved 1048576K
Event: 9.234 GC heap after
Heap after GC invocations=12 (full 2):
 PSYoungGen      total 133632K, used 0K [0x00000000e0000000, 0x00000000eac00000, 0x0000000100000000)
  eden space 122880K, 0% used [0x00000000e0000000,0x00000000e0000000,0x00000000e7800000)
  from space 10752K, 0% used [0x00000000e8480000,0x00000000e8480000,0x00000000e8f00000)
  to   space 12800K, 0% used [0x00000000e7800000,0x00000000e7800000,0x00000000e8480000)
 ParOldGen       total 57344K, used 15813K [0x00000000a0000000, 0x00000000a3800000, 0x00000000e0000000)
  object space 57344K, 27% used [0x00000000a0000000,0x00000000a0f71728,0x00000000a3800000)
 Metaspace       used 34518K, capacity 35232K, committed 35416K, reserved 1079296K
  class space    used 4738K, capacity 4933K, committed 4992K, reserved 1048576K
}
Event: 12.896 GC heap before
{Heap before GC invocations=13 (full 2):
 PSYoungGen      total 133632K, used 122880K [0x00000000e0000000, 0x00000000eac00000, 0x0000000100000000)
  eden space 122880K, 100% used [0x00000000e0000000,0x00000000e7800000,0x00000000e7800000)
  from space 10752K, 0% used [0x00000000e8480000,0x00000000e8480000,0x00000000e8f00000)
  to   space 12800K, 0% used [0x00000000e7800000,0x00000000e7800000,0x00000000e8480000)
 ParOldGen       total 57344K, used 15813K [0x00000000a0000000, 0x00000000a3800000, 0x00000000e0000000)
  object space 57344K, 27% used [0x00000000a0000000,0x00000000a0f71728,0x00000000a3800000)
 Metaspace       used 46007K, capacity 46982K, committed 47192K, reserved 1089536K
  class space    used 6171K, capacity 6454K, committed 6528K, reserved 1048576K
Event: 12.911 GC heap after
Heap after GC invocations=13 (full 2):
 PSYoungGen      total 135680K, used 12773K [0x00000000e0000000, 0x00000000eb400000, 0x0000000100000000)
  eden space 122880K, 0% used [0x00000000e0000000,0x00000000e0000000,0x00000000e7800000)
  from space 12800K, 99% used [0x00000000e7800000,0x00000000e8479690,0x00000000e8480000)
  to   space 15872K, 0% used [0x00000000ea480000,0x00000000ea480000,0x00000000eb400000)
 ParOldGen       total 57344K, used 19035K [0x00000000a0000000, 0x00000000a3800000, 0x00000000e0000000)
  object space 57344K, 33% used [0x00000000a0000000,0x00000000a1296db8,0x00000000a3800000)
 Metaspace       used 46007K, capacity 46982K, committed 47192K, reserved 1089536K
  class space    used 6171K, capacity 6454K, committed 6528K, reserved 1048576K
}
Event: 15.924 GC heap before
{Heap before GC invocations=14 (full 2):
 PSYoungGen      total 135680K, used 135653K [0x00000000e0000000, 0x00000000eb400000, 0x0000000100000000)
  eden space 122880K, 100% used [0x00000000e0000000,0x00000000e7800000,0x00000000e7800000)
  from space 12800K, 99% used [0x00000000e7800000,0x00000000e8479690,0x00000000e8480000)
  to   space 15872K, 0% used [0x00000000ea480000,0x00000000ea480000,0x00000000eb400000)
 ParOldGen       total 57344K, used 19035K [0x00000000a0000000, 0x00000000a3800000, 0x00000000e0000000)
  object space 57344K, 33% used [0x00000000a0000000,0x00000000a1296db8,0x00000000a3800000)
 Metaspace       used 56343K, capacity 57832K, committed 58200K, reserved 1099776K
  class space    used 7593K, capacity 7961K, committed 8064K, reserved 1048576K
Event: 15.943 GC heap after
Heap after GC invocations=14 (full 2):
 PSYoungGen      total 164352K, used 15869K [0x00000000e0000000, 0x00000000eba80000, 0x0000000100000000)
  eden space 148480K, 0% used [0x00000000e0000000,0x00000000e0000000,0x00000000e9100000)
  from space 15872K, 99% used [0x00000000ea480000,0x00000000eb3ff580,0x00000000eb400000)
  to   space 19968K, 0% used [0x00000000e9100000,0x00000000e9100000,0x00000000ea480000)
 ParOldGen       total 57344K, used 24263K [0x00000000a0000000, 0x00000000a3800000, 0x00000000e0000000)
  object space 57344K, 42% used [0x00000000a0000000,0x00000000a17b1d98,0x00000000a3800000)
 Metaspace       used 56343K, capacity 57832K, committed 58200K, reserved 1099776K
  class space    used 7593K, capacity 7961K, committed 8064K, reserved 1048576K
}
Event: 16.155 GC heap before
{Heap before GC invocations=15 (full 2):
 PSYoungGen      total 164352K, used 35747K [0x00000000e0000000, 0x00000000eba80000, 0x0000000100000000)
  eden space 148480K, 13% used [0x00000000e0000000,0x00000000e1369858,0x00000000e9100000)
  from space 15872K, 99% used [0x00000000ea480000,0x00000000eb3ff580,0x00000000eb400000)
  to   space 19968K, 0% used [0x00000000e9100000,0x00000000e9100000,0x00000000ea480000)
 ParOldGen       total 57344K, used 24263K [0x00000000a0000000, 0x00000000a3800000, 0x00000000e0000000)
  object space 57344K, 42% used [0x00000000a0000000,0x00000000a17b1d98,0x00000000a3800000)
 Metaspace       used 57484K, capacity 58966K, committed 59028K, reserved 1099776K
  class space    used 7782K, capacity 8172K, committed 8192K, reserved 1048576K
Event: 16.172 GC heap after
Heap after GC invocations=15 (full 2):
 PSYoungGen      total 168448K, used 6794K [0x00000000e0000000, 0x00000000eba80000, 0x0000000100000000)
  eden space 148480K, 0% used [0x00000000e0000000,0x00000000e0000000,0x00000000e9100000)
  from space 19968K, 34% used [0x00000000e9100000,0x00000000e97a2b80,0x00000000ea480000)
  to   space 15872K, 0% used [0x00000000ea480000,0x00000000ea480000,0x00000000eb400000)
 ParOldGen       total 57344K, used 31736K [0x00000000a0000000, 0x00000000a3800000, 0x00000000e0000000)
  object space 57344K, 55% used [0x00000000a0000000,0x00000000a1efe3b0,0x00000000a3800000)
 Metaspace       used 57484K, capacity 58966K, committed 59028K, reserved 1099776K
  class space    used 7782K, capacity 8172K, committed 8192K, reserved 1048576K
}
Event: 16.172 GC heap before
{Heap before GC invocations=16 (full 3):
 PSYoungGen      total 168448K, used 6794K [0x00000000e0000000, 0x00000000eba80000, 0x0000000100000000)
  eden space 148480K, 0% used [0x00000000e0000000,0x00000000e0000000,0x00000000e9100000)
  from space 19968K, 34% used [0x00000000e9100000,0x00000000e97a2b80,0x00000000ea480000)
  to   space 15872K, 0% used [0x00000000ea480000,0x00000000ea480000,0x00000000eb400000)
 ParOldGen       total 57344K, used 31736K [0x00000000a0000000, 0x00000000a3800000, 0x00000000e0000000)
  object space 57344K, 55% used [0x00000000a0000000,0x00000000a1efe3b0,0x00000000a3800000)
 Metaspace       used 57484K, capacity 58966K, committed 59028K, reserved 1099776K
  class space    used 7782K, capacity 8172K, committed 8192K, reserved 1048576K
Event: 16.385 GC heap after
Heap after GC invocations=16 (full 3):
 PSYoungGen      total 168448K, used 0K [0x00000000e0000000, 0x00000000eba80000, 0x0000000100000000)
  eden space 148480K, 0% used [0x00000000e0000000,0x00000000e0000000,0x00000000e9100000)
  from space 19968K, 0% used [0x00000000e9100000,0x00000000e9100000,0x00000000ea480000)
  to   space 15872K, 0% used [0x00000000ea480000,0x00000000ea480000,0x00000000eb400000)
 ParOldGen       total 57344K, used 28670K [0x00000000a0000000, 0x00000000a3800000, 0x00000000e0000000)
  object space 57344K, 49% used [0x00000000a0000000,0x00000000a1bff850,0x00000000a3800000)
 Metaspace       used 57484K, capacity 58966K, committed 59028K, reserved 1099776K
  class space    used 7782K, capacity 8172K, committed 8192K, reserved 1048576K
}

Deoptimization events (10 events):
Event: 15.368 Thread 0x0000000018b6b000 Uncommon trap: reason=unstable_if action=reinterpret pc=0x0000000002d23ee4 method=java.util.Collections$SetFromMap.remove(Ljava/lang/Object;)Z @ 10
Event: 15.485 Thread 0x0000000018b6b000 Uncommon trap: reason=unstable_if action=reinterpret pc=0x0000000002b13218 method=java.util.TreeMap.put(Ljava/lang/Object;Ljava/lang/Object;)Ljava/lang/Object; @ 163
Event: 15.760 Thread 0x0000000018b6b000 Uncommon trap: reason=bimorphic action=maybe_recompile pc=0x0000000002bbaf40 method=java.util.regex.Pattern$5.isSatisfiedBy(I)Z @ 16
Event: 15.760 Thread 0x0000000018b6b000 Uncommon trap: reason=bimorphic action=maybe_recompile pc=0x0000000002bbaf40 method=java.util.regex.Pattern$5.isSatisfiedBy(I)Z @ 16
Event: 15.760 Thread 0x0000000018b6b000 Uncommon trap: reason=bimorphic action=maybe_recompile pc=0x0000000002bbaf40 method=java.util.regex.Pattern$5.isSatisfiedBy(I)Z @ 16
Event: 15.760 Thread 0x0000000018b6b000 Uncommon trap: reason=bimorphic action=maybe_recompile pc=0x0000000002bbaf40 method=java.util.regex.Pattern$5.isSatisfiedBy(I)Z @ 16
Event: 16.386 Thread 0x0000000018b6b000 Uncommon trap: reason=unstable_if action=reinterpret pc=0x0000000002526ae8 method=java.util.regex.Pattern$BmpCharProperty.match(Ljava/util/regex/Matcher;ILjava/lang/CharSequence;)Z @ 34
Event: 16.417 Thread 0x0000000018b6b000 Uncommon trap: reason=unstable_if action=reinterpret pc=0x0000000002e35070 method=com.sun.org.apache.xerces.internal.impl.XMLEntityScanner.scanLiteral(ILcom/sun/org/apache/xerces/internal/xni/XMLString;Z)I @ 660
Event: 16.906 Thread 0x0000000018b6b000 Uncommon trap: reason=unstable_if action=reinterpret pc=0x0000000002ff39a4 method=com.esotericsoftware.kryo.io.Input.readString()Ljava/lang/String; @ 38
Event: 16.971 Thread 0x0000000018b6b000 Uncommon trap: reason=unstable_if action=reinterpret pc=0x0000000003007f54 method=java.util.ArrayDeque.addLast(Ljava/lang/Object;)V @ 45

Classes redefined (0 events):
No events

Internal exceptions (10 events):
Event: 14.395 Thread 0x0000000018b6b000 Exception <a 'java/lang/ClassNotFoundException': com/android/build/gradle/internal/api/BaseVariantOutputImplCustomizer> (0x00000000e489afd8) thrown at [D:\src\AOSP-openjdk-cygwin\jdk8u\hotspot\src\share\vm\classfile\systemDictionary.cpp, line 210]
Event: 14.395 Thread 0x0000000018b6b000 Exception <a 'java/lang/ClassNotFoundException': com/android/build/gradle/internal/api/ApkVariantOutputImplCustomizer> (0x00000000e48d3188) thrown at [D:\src\AOSP-openjdk-cygwin\jdk8u\hotspot\src\share\vm\classfile\systemDictionary.cpp, line 210]
Event: 14.396 Thread 0x0000000018b6b000 Exception <a 'java/lang/ClassNotFoundException': com/android/build/gradle/internal/api/ApkVariantOutputImpl_DecoratedCustomizer> (0x00000000e49068a0) thrown at [D:\src\AOSP-openjdk-cygwin\jdk8u\hotspot\src\share\vm\classfile\systemDictionary.cpp, line 210
Event: 15.520 Thread 0x0000000018b6b000 Exception <a 'java/lang/NoSuchMethodError': java.lang.Object.lambda$static$0(Ljava/util/Set;Ljava/util/Set;)Z> (0x00000000e66d5960) thrown at [D:\src\AOSP-openjdk-cygwin\jdk8u\hotspot\src\share\vm\interpreter\linkResolver.cpp, line 620]
Event: 15.521 Thread 0x0000000018b6b000 Exception <a 'java/lang/NoSuchMethodError': java.lang.Object.lambda$static$1(Ljava/util/Set;Ljava/util/Set;)Z> (0x00000000e66d88d0) thrown at [D:\src\AOSP-openjdk-cygwin\jdk8u\hotspot\src\share\vm\interpreter\linkResolver.cpp, line 620]
Event: 15.521 Thread 0x0000000018b6b000 Exception <a 'java/lang/NoSuchMethodError': java.lang.Object.lambda$static$2(Ljava/util/Set;Ljava/util/Set;)Z> (0x00000000e66db410) thrown at [D:\src\AOSP-openjdk-cygwin\jdk8u\hotspot\src\share\vm\interpreter\linkResolver.cpp, line 620]
Event: 15.522 Thread 0x0000000018b6b000 Exception <a 'java/lang/NoSuchMethodError': java.lang.Object.lambda$static$3(Ljava/util/Set;Ljava/util/Set;)Z> (0x00000000e66ddf50) thrown at [D:\src\AOSP-openjdk-cygwin\jdk8u\hotspot\src\share\vm\interpreter\linkResolver.cpp, line 620]
Event: 15.522 Thread 0x0000000018b6b000 Exception <a 'java/lang/NoSuchMethodError': java.lang.Object.lambda$static$4(Ljava/util/Set;Ljava/util/Set;)Z> (0x00000000e66e0a90) thrown at [D:\src\AOSP-openjdk-cygwin\jdk8u\hotspot\src\share\vm\interpreter\linkResolver.cpp, line 620]
Event: 15.784 Thread 0x0000000018b6b000 Exception <a 'java/lang/ClassNotFoundException': com/sun/org/glassfish/hk2/osgiresourcelocator/ServiceLoader> (0x00000000e6d40d70) thrown at [D:\src\AOSP-openjdk-cygwin\jdk8u\hotspot\src\share\vm\classfile\systemDictionary.cpp, line 210]
Event: 15.886 Thread 0x0000000018b6b000 Exception <a 'java/lang/NullPointerException'> (0x00000000e72ba2b0) thrown at [D:\src\AOSP-openjdk-cygwin\jdk8u\hotspot\src\share\vm\interpreter\linkResolver.cpp, line 1287]

Events (10 events):
Event: 18.196 loading class com/android/build/gradle/internal/pipeline/TransformTask
Event: 18.196 loading class com/android/build/gradle/internal/pipeline/TransformTask done
Event: 18.197 loading class com/android/builder/internal/compiler/ShaderProcessor
Event: 18.197 loading class com/android/builder/internal/compiler/ShaderProcessor done
Event: 18.197 loading class com/android/builder/internal/compiler/DirectoryWalker$FileAction
Event: 18.198 loading class com/android/builder/internal/compiler/DirectoryWalker$FileAction done
Event: 18.200 loading class com/google/common/collect/AbstractMapBasedMultimap$KeySet
Event: 18.200 loading class com/google/common/collect/AbstractMapBasedMultimap$KeySet done
Event: 18.201 loading class com/google/common/collect/Maps$KeySet
Event: 18.201 loading class com/google/common/collect/Maps$KeySet done


Dynamic libraries:
0x00007ff79ac80000 - 0x00007ff79acb1000 	C:\Program Files\Android\Android Studio\jre\bin\java.exe
0x00007ff991850000 - 0x00007ff9919fa000 	C:\Windows\SYSTEM32\ntdll.dll
0x00007ff98f540000 - 0x00007ff98f67a000 	C:\Windows\system32\KERNEL32.DLL
0x00007ff970da0000 - 0x00007ff970db4000 	C:\Program Files\AVAST Software\Avast\aswhook.dll
0x00007ff98eec0000 - 0x00007ff98efcf000 	C:\Windows\system32\KERNELBASE.dll
0x00007ff98f420000 - 0x00007ff98f4c5000 	C:\Windows\system32\ADVAPI32.dll
0x00007ff990cc0000 - 0x00007ff990e31000 	C:\Windows\system32\USER32.dll
0x00007ff98d090000 - 0x00007ff98d2ea000 	C:\Windows\WinSxS\amd64_microsoft.windows.common-controls_6595b64144ccf1df_6.0.9600.17031_none_6242a4b3ecbb55a1\COMCTL32.dll
0x00007ff990f00000 - 0x00007ff990fa7000 	C:\Windows\system32\msvcrt.dll
0x00007ff9911f0000 - 0x00007ff991247000 	C:\Windows\SYSTEM32\sechost.dll
0x00007ff98f0d0000 - 0x00007ff98f206000 	C:\Windows\system32\RPCRT4.dll
0x00007ff991660000 - 0x00007ff9917a5000 	C:\Windows\system32\GDI32.dll
0x00007ff98f3d0000 - 0x00007ff98f404000 	C:\Windows\system32\IMM32.DLL
0x00007ff98f210000 - 0x00007ff98f349000 	C:\Windows\system32\MSCTF.dll
0x0000000072dc0000 - 0x0000000072e92000 	C:\Program Files\Android\Android Studio\jre\jre\bin\msvcr100.dll
0x0000000072ea0000 - 0x00000000736e6000 	C:\Program Files\Android\Android Studio\jre\jre\bin\server\jvm.dll
0x00007ff988710000 - 0x00007ff988719000 	C:\Windows\SYSTEM32\WSOCK32.dll
0x00007ff983750000 - 0x00007ff98376f000 	C:\Windows\SYSTEM32\WINMM.dll
0x00007ff987d50000 - 0x00007ff987d5a000 	C:\Windows\SYSTEM32\VERSION.dll
0x00007ff98f4d0000 - 0x00007ff98f4d7000 	C:\Windows\system32\PSAPI.DLL
0x00007ff98f370000 - 0x00007ff98f3c8000 	C:\Windows\system32\WS2_32.dll
0x00007ff982580000 - 0x00007ff9825aa000 	C:\Windows\SYSTEM32\WINMMBASE.dll
0x00007ff98f360000 - 0x00007ff98f369000 	C:\Windows\system32\NSI.dll
0x00007ff98ec90000 - 0x00007ff98ecda000 	C:\Windows\SYSTEM32\cfgmgr32.dll
0x00007ff98da50000 - 0x00007ff98da76000 	C:\Windows\SYSTEM32\DEVOBJ.dll
0x00007ff98d4e0000 - 0x00007ff98d4ef000 	C:\Program Files\Android\Android Studio\jre\jre\bin\verify.dll
0x00007ff975210000 - 0x00007ff975239000 	C:\Program Files\Android\Android Studio\jre\jre\bin\java.dll
0x00007ff97b740000 - 0x00007ff97b756000 	C:\Program Files\Android\Android Studio\jre\jre\bin\zip.dll
0x00007ff98f880000 - 0x00007ff990c97000 	C:\Windows\system32\SHELL32.dll
0x00007ff991250000 - 0x00007ff991426000 	C:\Windows\SYSTEM32\combase.dll
0x00007ff991190000 - 0x00007ff9911e1000 	C:\Windows\system32\SHLWAPI.dll
0x00007ff98d550000 - 0x00007ff98d5ef000 	C:\Windows\SYSTEM32\SHCORE.dll
0x00007ff98ebc0000 - 0x00007ff98ebd4000 	C:\Windows\SYSTEM32\profapi.dll
0x00007ff97b220000 - 0x00007ff97b23a000 	C:\Program Files\Android\Android Studio\jre\jre\bin\net.dll
0x00007ff98e480000 - 0x00007ff98e4d8000 	C:\Windows\system32\mswsock.dll
0x00007ff977050000 - 0x00007ff977061000 	C:\Program Files\Android\Android Studio\jre\jre\bin\nio.dll
0x00007ff97c650000 - 0x00007ff97c676000 	C:\Users\RPL\.gradle\native\29\windows-amd64\native-platform.dll
0x00007ff98c0c0000 - 0x00007ff98c0cd000 	C:\Program Files\Android\Android Studio\jre\jre\bin\management.dll
0x00007ff98e4e0000 - 0x00007ff98e4fe000 	C:\Windows\SYSTEM32\CRYPTSP.dll
0x00007ff98e120000 - 0x00007ff98e155000 	C:\Windows\system32\rsaenh.dll
0x00007ff98e710000 - 0x00007ff98e736000 	C:\Windows\SYSTEM32\bcrypt.dll
0x00007ff98e230000 - 0x00007ff98e24e000 	C:\Windows\SYSTEM32\USERENV.dll
0x00007ff98ea30000 - 0x00007ff98ea90000 	C:\Windows\system32\bcryptprimitives.dll
0x00007ff98ea90000 - 0x00007ff98ea9a000 	C:\Windows\SYSTEM32\CRYPTBASE.dll
0x00007ff988fd0000 - 0x00007ff988ff9000 	C:\Windows\SYSTEM32\IPHLPAPI.DLL
0x00007ff9888a0000 - 0x00007ff9888aa000 	C:\Windows\SYSTEM32\WINNSI.DLL
0x00007ff9887c0000 - 0x00007ff9887d4000 	C:\Windows\SYSTEM32\dhcpcsvc6.DLL
0x00007ff9887a0000 - 0x00007ff9887b9000 	C:\Windows\SYSTEM32\dhcpcsvc.DLL

VM Arguments:
jvm_args: -Xmx1536m -Dfile.encoding=windows-1252 -Duser.country=US -Duser.language=en -Duser.variant 
java_command: org.gradle.launcher.daemon.bootstrap.GradleDaemon 5.4.1
java_class_path (initial): C:\Users\RPL\.gradle\wrapper\dists\gradle-5.4.1-all\3221gyojl5jsh0helicew7rwx\gradle-5.4.1\lib\gradle-launcher-5.4.1.jar
Launcher Type: SUN_STANDARD

Environment Variables:
PATH=C:\Windows\system32;C:\Windows;C:\Windows\System32\Wbem;C:\Windows\System32\WindowsPowerShell\v1.0\;C:\Program Files (x86)\Microsoft SQL Server\100\Tools\Binn\;C:\Program Files\Microsoft SQL Server\100\Tools\Binn\;C:\Program Files\Microsoft SQL Server\100\DTS\Binn\;C:\Program Files\Git\cmd;;C:\Users\RPL\AppData\Local\Programs\Microsoft VS Code\bin
USERNAME=RPL
OS=Windows_NT
PROCESSOR_IDENTIFIER=Intel64 Family 6 Model 94 Stepping 3, GenuineIntel



---------------  S Y S T E M  ---------------

OS: Windows 8.1 , 64 bit Build 9600 (6.3.9600.17056)

CPU:total 4 (initial active 4) (2 cores per cpu, 2 threads per core) family 6 model 94 stepping 3, cmov, cx8, fxsr, mmx, sse, sse2, sse3, ssse3, sse4.1, sse4.2, popcnt, avx, avx2, aes, clmul, erms, 3dnowpref, lzcnt, ht, tsc, tscinvbit, bmi1, bmi2, adx

Memory: 4k page, physical 4083812k(455528k free), swap 16666724k(6288k free)

vm_info: OpenJDK 64-Bit Server VM (25.202-b03) for windows-amd64 JRE (1.8.0_202-release-1483-b03), built by "builder" with MS VC++ 10.0 (VS2010)

time: Mon Oct 21 00:03:54 2019
timezone: Pacific Daylight Time
elapsed time: 19 seconds (0d 0h 0m 19s)

