#
# There is insufficient memory for the Java Runtime Environment to continue.
# Native memory allocation (malloc) failed to allocate 2199056 bytes for Chunk::new
# Possible reasons:
#   The system is out of physical RAM or swap space
#   The process is running with CompressedOops enabled, and the Java Heap may be blocking the growth of the native heap
# Possible solutions:
#   Reduce memory load on the system
#   Increase physical memory or swap space
#   Check if swap backing store is full
#   Decrease Java heap size (-Xmx/-Xms)
#   Decrease number of Java threads
#   Decrease Java thread stack sizes (-Xss)
#   Set larger code cache with -XX:ReservedCodeCacheSize=
#   JVM is running with Unscaled Compressed Oops mode in which the Java heap is
#     placed in the first 4GB address space. The Java Heap base address is the
#     maximum limit for the native heap growth. Please use -XX:HeapBaseMinAddress
#     to set the Java Heap base and to place the Java Heap above 4GB virtual address.
# This output file may be truncated or incomplete.
#
#  Out of Memory Error (allocation.cpp:389), pid=8580, tid=0x00000000000011e8
#
# JRE version: OpenJDK Runtime Environment (8.0_202-b03) (build 1.8.0_202-release-1483-b03)
# Java VM: OpenJDK 64-Bit Server VM (25.202-b03 mixed mode windows-amd64 compressed oops)
# Failed to write core dump. Minidumps are not enabled by default on client versions of Windows
#

---------------  T H R E A D  ---------------

Current thread (0x0000000015908000):  JavaThread "C2 CompilerThread0" daemon [_thread_in_native, id=4584, stack(0x00000000170a0000,0x00000000171a0000)]

Stack: [0x00000000170a0000,0x00000000171a0000]
[error occurred during error reporting (printing stack bounds), id 0xc0000005]

Native frames: (J=compiled Java code, j=interpreted, Vv=VM code, C=native code)


Current CompileTask:
C2:   9852 2077       4       java.net.URLClassLoader$1::run (5 bytes)


---------------  P R O C E S S  ---------------

Java Threads: ( => current thread )
  0x0000000018e5f800 JavaThread "Cache worker for file hash cache (C:\Users\RPL\AndroidStudioProjects\contoh\.gradle\5.4.1\fileHashes)" [_thread_blocked, id=4392, stack(0x000000001ddc0000,0x000000001dec0000)]
  0x0000000018e5b800 JavaThread "Cache worker for journal cache (C:\Users\RPL\.gradle\caches\journal-1)" [_thread_blocked, id=8600, stack(0x000000001a850000,0x000000001a950000)]
  0x0000000018e5e800 JavaThread "File lock request listener" [_thread_in_native, id=4044, stack(0x000000001a750000,0x000000001a850000)]
  0x0000000018e5b000 JavaThread "Cache worker for file hash cache (C:\Users\RPL\.gradle\caches\5.4.1\fileHashes)" [_thread_blocked, id=7108, stack(0x000000001a650000,0x000000001a750000)]
  0x0000000018c2b000 JavaThread "Thread-9" [_thread_blocked, id=4160, stack(0x000000001a550000,0x000000001a650000)]
  0x0000000018c26000 JavaThread "Stdin handler" [_thread_blocked, id=6948, stack(0x000000001a450000,0x000000001a550000)]
  0x0000000018c1f800 JavaThread "Asynchronous log dispatcher for DefaultDaemonConnection: socket connection from /127.0.0.1:50631 to /127.0.0.1:50632" [_thread_blocked, id=8568, stack(0x000000001a350000,0x000000001a450000)]
  0x0000000018c1e800 JavaThread "Daemon worker" [_thread_in_native, id=1812, stack(0x000000001a250000,0x000000001a350000)]
  0x0000000018c17800 JavaThread "Cancel handler" [_thread_blocked, id=2364, stack(0x000000001a150000,0x000000001a250000)]
  0x0000000018bb4000 JavaThread "Handler for socket connection from /127.0.0.1:50631 to /127.0.0.1:50632" [_thread_in_native, id=3956, stack(0x0000000019e50000,0x0000000019f50000)]
  0x0000000018bb6800 JavaThread "Daemon" [_thread_blocked, id=8148, stack(0x0000000019d50000,0x0000000019e50000)]
  0x0000000018b96800 JavaThread "Daemon periodic checks" [_thread_blocked, id=1880, stack(0x0000000019c50000,0x0000000019d50000)]
  0x0000000018b94800 JavaThread "Incoming local TCP Connector on port 50631" [_thread_in_native, id=7188, stack(0x0000000019750000,0x0000000019850000)]
  0x0000000018929000 JavaThread "Daemon health stats" [_thread_blocked, id=516, stack(0x0000000019170000,0x0000000019270000)]
  0x00000000172aa000 JavaThread "Service Thread" daemon [_thread_blocked, id=3996, stack(0x00000000177a0000,0x00000000178a0000)]
  0x00000000172a8800 JavaThread "C1 CompilerThread2" daemon [_thread_blocked, id=8928, stack(0x00000000176a0000,0x00000000177a0000)]
  0x0000000015965800 JavaThread "C2 CompilerThread1" daemon [_thread_in_native, id=3216, stack(0x00000000171a0000,0x00000000172a0000)]
=>0x0000000015908000 JavaThread "C2 CompilerThread0" daemon [_thread_in_native, id=4584, stack(0x00000000170a0000,0x00000000171a0000)]
  0x0000000015915000 JavaThread "Attach Listener" daemon [_thread_blocked, id=8360, stack(0x0000000016fa0000,0x00000000170a0000)]
  0x0000000015914000 JavaThread "Signal Dispatcher" daemon [_thread_blocked, id=4916, stack(0x0000000016ea0000,0x0000000016fa0000)]
  0x0000000001f9a800 JavaThread "Finalizer" daemon [_thread_blocked, id=5804, stack(0x0000000016b70000,0x0000000016c70000)]
  0x00000000158f9000 JavaThread "Reference Handler" daemon [_thread_blocked, id=7872, stack(0x0000000016a70000,0x0000000016b70000)]
  0x0000000001d9d800 JavaThread "main" [_thread_blocked, id=6260, stack(0x0000000001da0000,0x0000000001ea0000)]

Other Threads:
  0x00000000158d6000 VMThread [stack: 0x0000000016970000,0x0000000016a70000] [id=8224]
  0x00000000172ac000 WatcherThread [stack: 0x00000000178a0000,0x00000000179a0000] [id=8976]

VM state:not at safepoint (normal execution)

VM Mutex/Monitor currently owned by a thread: None

heap address: 0x00000000a0000000, size: 1536 MB, Compressed Oops mode: 32-bit
Narrow klass base: 0x0000000000000000, Narrow klass shift: 3
Compressed class space size: 1073741824 Address: 0x0000000100000000

Heap:
 PSYoungGen      total 71168K, used 50266K [0x00000000e0000000, 0x00000000e4d00000, 0x0000000100000000)
  eden space 64000K, 78% used [0x00000000e0000000,0x00000000e3116ac0,0x00000000e3e80000)
  from space 7168K, 0% used [0x00000000e3e80000,0x00000000e3e80000,0x00000000e4580000)
  to   space 6656K, 0% used [0x00000000e4580000,0x00000000e4580000,0x00000000e4c00000)
 ParOldGen       total 31744K, used 9200K [0x00000000a0000000, 0x00000000a1f00000, 0x00000000e0000000)
  object space 31744K, 28% used [0x00000000a0000000,0x00000000a08fc168,0x00000000a1f00000)
 Metaspace       used 27180K, capacity 27602K, committed 28032K, reserved 1073152K
  class space    used 3708K, capacity 3874K, committed 3968K, reserved 1048576K

Card table byte_map: [0x0000000011360000,0x0000000011670000] byte_map_base: 0x0000000010e60000

Marking Bits: (ParMarkBitMap*) 0x0000000073669f30
 Begin Bits: [0x0000000011c70000, 0x0000000013470000)
 End Bits:   [0x0000000013470000, 0x0000000014c70000)

Polling page: 0x00000000003f0000

CodeCache: size=245760Kb used=8394Kb max_used=8394Kb free=237365Kb
 bounds [0x0000000001fa0000, 0x00000000027e0000, 0x0000000010fa0000]
 total_blobs=2816 nmethods=2150 adapters=579
 compilation: enabled

Compilation events (10 events):
Event: 9.846 Thread 0x00000000172a8800 2151       1       java.io.ObjectStreamClass::getPrimDataSize (5 bytes)
Event: 9.847 Thread 0x00000000172a8800 nmethod 2151 0x00000000027d2a50 code [0x00000000027d2ba0, 0x00000000027d2cb0]
Event: 9.847 Thread 0x00000000172a8800 2152       1       java.io.ObjectStreamClass::getNumObjFields (5 bytes)
Event: 9.847 Thread 0x00000000172a8800 nmethod 2152 0x00000000027d2d10 code [0x00000000027d2e60, 0x00000000027d2f70]
Event: 9.847 Thread 0x00000000172a8800 2153       3       java.io.ObjectOutputStream$HandleTable::assign (52 bytes)
Event: 9.847 Thread 0x00000000172a8800 nmethod 2153 0x00000000027d2fd0 code [0x00000000027d3160, 0x00000000027d3408]
Event: 9.847 Thread 0x00000000172a8800 2154       3       java.io.ObjectOutputStream$HandleTable::insert (39 bytes)
Event: 9.847 Thread 0x00000000172a8800 nmethod 2154 0x00000000027d3510 code [0x00000000027d36a0, 0x00000000027d3a68]
Event: 9.847 Thread 0x00000000172a8800 2155       3       java.io.ObjectStreamClass::forClass (52 bytes)
Event: 9.849 Thread 0x00000000172a8800 nmethod 2155 0x00000000027d3cd0 code [0x00000000027d4000, 0x00000000027d5c68]

GC Heap History (10 events):
Event: 5.725 GC heap before
{Heap before GC invocations=6 (full 0):
 PSYoungGen      total 18944K, used 18928K [0x00000000e0000000, 0x00000000e2a00000, 0x0000000100000000)
  eden space 16384K, 100% used [0x00000000e0000000,0x00000000e1000000,0x00000000e1000000)
  from space 2560K, 99% used [0x00000000e1000000,0x00000000e127c010,0x00000000e1280000)
  to   space 5120K, 0% used [0x00000000e2500000,0x00000000e2500000,0x00000000e2a00000)
 ParOldGen       total 44032K, used 4446K [0x00000000a0000000, 0x00000000a2b00000, 0x00000000e0000000)
  object space 44032K, 10% used [0x00000000a0000000,0x00000000a0457860,0x00000000a2b00000)
 Metaspace       used 13501K, capacity 13912K, committed 14080K, reserved 1060864K
  class space    used 1855K, capacity 1988K, committed 2048K, reserved 1048576K
Event: 5.731 GC heap after
Heap after GC invocations=6 (full 0):
 PSYoungGen      total 37376K, used 4272K [0x00000000e0000000, 0x00000000e2b00000, 0x0000000100000000)
  eden space 32256K, 0% used [0x00000000e0000000,0x00000000e0000000,0x00000000e1f80000)
  from space 5120K, 83% used [0x00000000e2500000,0x00000000e292c1a8,0x00000000e2a00000)
  to   space 5632K, 0% used [0x00000000e1f80000,0x00000000e1f80000,0x00000000e2500000)
 ParOldGen       total 44032K, used 4446K [0x00000000a0000000, 0x00000000a2b00000, 0x00000000e0000000)
  object space 44032K, 10% used [0x00000000a0000000,0x00000000a0457860,0x00000000a2b00000)
 Metaspace       used 13501K, capacity 13912K, committed 14080K, reserved 1060864K
  class space    used 1855K, capacity 1988K, committed 2048K, reserved 1048576K
}
Event: 6.989 GC heap before
{Heap before GC invocations=7 (full 0):
 PSYoungGen      total 37376K, used 36528K [0x00000000e0000000, 0x00000000e2b00000, 0x0000000100000000)
  eden space 32256K, 100% used [0x00000000e0000000,0x00000000e1f80000,0x00000000e1f80000)
  from space 5120K, 83% used [0x00000000e2500000,0x00000000e292c1a8,0x00000000e2a00000)
  to   space 5632K, 0% used [0x00000000e1f80000,0x00000000e1f80000,0x00000000e2500000)
 ParOldGen       total 44032K, used 4446K [0x00000000a0000000, 0x00000000a2b00000, 0x00000000e0000000)
  object space 44032K, 10% used [0x00000000a0000000,0x00000000a0457860,0x00000000a2b00000)
 Metaspace       used 16248K, capacity 16616K, committed 16896K, reserved 1062912K
  class space    used 2307K, capacity 2446K, committed 2560K, reserved 1048576K
Event: 6.997 GC heap after
Heap after GC invocations=7 (full 0):
 PSYoungGen      total 37888K, used 5629K [0x00000000e0000000, 0x00000000e4c00000, 0x0000000100000000)
  eden space 32256K, 0% used [0x00000000e0000000,0x00000000e0000000,0x00000000e1f80000)
  from space 5632K, 99% used [0x00000000e1f80000,0x00000000e24ff708,0x00000000e2500000)
  to   space 6656K, 0% used [0x00000000e4580000,0x00000000e4580000,0x00000000e4c00000)
 ParOldGen       total 44032K, used 5687K [0x00000000a0000000, 0x00000000a2b00000, 0x00000000e0000000)
  object space 44032K, 12% used [0x00000000a0000000,0x00000000a058dfd8,0x00000000a2b00000)
 Metaspace       used 16248K, capacity 16616K, committed 16896K, reserved 1062912K
  class space    used 2307K, capacity 2446K, committed 2560K, reserved 1048576K
}
Event: 7.768 GC heap before
{Heap before GC invocations=8 (full 0):
 PSYoungGen      total 37888K, used 37885K [0x00000000e0000000, 0x00000000e4c00000, 0x0000000100000000)
  eden space 32256K, 100% used [0x00000000e0000000,0x00000000e1f80000,0x00000000e1f80000)
  from space 5632K, 99% used [0x00000000e1f80000,0x00000000e24ff708,0x00000000e2500000)
  to   space 6656K, 0% used [0x00000000e4580000,0x00000000e4580000,0x00000000e4c00000)
 ParOldGen       total 44032K, used 5687K [0x00000000a0000000, 0x00000000a2b00000, 0x00000000e0000000)
  object space 44032K, 12% used [0x00000000a0000000,0x00000000a058dfd8,0x00000000a2b00000)
 Metaspace       used 19211K, capacity 19604K, committed 19840K, reserved 1067008K
  class space    used 2782K, capacity 2902K, committed 2944K, reserved 1048576K
Event: 7.778 GC heap after
Heap after GC invocations=8 (full 0):
 PSYoungGen      total 70656K, used 5631K [0x00000000e0000000, 0x00000000e4d00000, 0x0000000100000000)
  eden space 64000K, 0% used [0x00000000e0000000,0x00000000e0000000,0x00000000e3e80000)
  from space 6656K, 84% used [0x00000000e4580000,0x00000000e4affea0,0x00000000e4c00000)
  to   space 7168K, 0% used [0x00000000e3e80000,0x00000000e3e80000,0x00000000e4580000)
 ParOldGen       total 44032K, used 6639K [0x00000000a0000000, 0x00000000a2b00000, 0x00000000e0000000)
  object space 44032K, 15% used [0x00000000a0000000,0x00000000a067bff8,0x00000000a2b00000)
 Metaspace       used 19211K, capacity 19604K, committed 19840K, reserved 1067008K
  class space    used 2782K, capacity 2902K, committed 2944K, reserved 1048576K
}
Event: 8.056 GC heap before
{Heap before GC invocations=9 (full 0):
 PSYoungGen      total 70656K, used 15371K [0x00000000e0000000, 0x00000000e4d00000, 0x0000000100000000)
  eden space 64000K, 15% used [0x00000000e0000000,0x00000000e0983108,0x00000000e3e80000)
  from space 6656K, 84% used [0x00000000e4580000,0x00000000e4affea0,0x00000000e4c00000)
  to   space 7168K, 0% used [0x00000000e3e80000,0x00000000e3e80000,0x00000000e4580000)
 ParOldGen       total 44032K, used 6639K [0x00000000a0000000, 0x00000000a2b00000, 0x00000000e0000000)
  object space 44032K, 15% used [0x00000000a0000000,0x00000000a067bff8,0x00000000a2b00000)
 Metaspace       used 20770K, capacity 21108K, committed 21248K, reserved 1067008K
  class space    used 2916K, capacity 3062K, committed 3072K, reserved 1048576K
Event: 8.063 GC heap after
Heap after GC invocations=9 (full 0):
 PSYoungGen      total 71168K, used 3956K [0x00000000e0000000, 0x00000000e4d00000, 0x0000000100000000)
  eden space 64000K, 0% used [0x00000000e0000000,0x00000000e0000000,0x00000000e3e80000)
  from space 7168K, 55% used [0x00000000e3e80000,0x00000000e425d200,0x00000000e4580000)
  to   space 6656K, 0% used [0x00000000e4580000,0x00000000e4580000,0x00000000e4c00000)
 ParOldGen       total 44032K, used 7444K [0x00000000a0000000, 0x00000000a2b00000, 0x00000000e0000000)
  object space 44032K, 16% used [0x00000000a0000000,0x00000000a0745060,0x00000000a2b00000)
 Metaspace       used 20770K, capacity 21108K, committed 21248K, reserved 1067008K
  class space    used 2916K, capacity 3062K, committed 3072K, reserved 1048576K
}
Event: 8.063 GC heap before
{Heap before GC invocations=10 (full 1):
 PSYoungGen      total 71168K, used 3956K [0x00000000e0000000, 0x00000000e4d00000, 0x0000000100000000)
  eden space 64000K, 0% used [0x00000000e0000000,0x00000000e0000000,0x00000000e3e80000)
  from space 7168K, 55% used [0x00000000e3e80000,0x00000000e425d200,0x00000000e4580000)
  to   space 6656K, 0% used [0x00000000e4580000,0x00000000e4580000,0x00000000e4c00000)
 ParOldGen       total 44032K, used 7444K [0x00000000a0000000, 0x00000000a2b00000, 0x00000000e0000000)
  object space 44032K, 16% used [0x00000000a0000000,0x00000000a0745060,0x00000000a2b00000)
 Metaspace       used 20770K, capacity 21108K, committed 21248K, reserved 1067008K
  class space    used 2916K, capacity 3062K, committed 3072K, reserved 1048576K
Event: 8.109 GC heap after
Heap after GC invocations=10 (full 1):
 PSYoungGen      total 71168K, used 0K [0x00000000e0000000, 0x00000000e4d00000, 0x0000000100000000)
  eden space 64000K, 0% used [0x00000000e0000000,0x00000000e0000000,0x00000000e3e80000)
  from space 7168K, 0% used [0x00000000e3e80000,0x00000000e3e80000,0x00000000e4580000)
  to   space 6656K, 0% used [0x00000000e4580000,0x00000000e4580000,0x00000000e4c00000)
 ParOldGen       total 31744K, used 9200K [0x00000000a0000000, 0x00000000a1f00000, 0x00000000e0000000)
  object space 31744K, 28% used [0x00000000a0000000,0x00000000a08fc168,0x00000000a1f00000)
 Metaspace       used 20770K, capacity 21108K, committed 21248K, reserved 1067008K
  class space    used 2916K, capacity 3062K, committed 3072K, reserved 1048576K
}

Deoptimization events (10 events):
Event: 9.090 Thread 0x0000000018c1e800 Uncommon trap: reason=unstable_if action=reinterpret pc=0x00000000025f1228 method=java.lang.String.regionMatches(ZILjava/lang/String;II)Z @ 41
Event: 9.097 Thread 0x0000000018c1e800 Uncommon trap: reason=unstable_if action=reinterpret pc=0x000000000244044c method=java.lang.ClassLoader.getClassLoadingLock(Ljava/lang/String;)Ljava/lang/Object; @ 6
Event: 9.160 Thread 0x0000000018c1e800 Uncommon trap: reason=class_check action=maybe_recompile pc=0x0000000002582650 method=sun.misc.URLClassPath.getLoader(I)Lsun/misc/URLClassPath$Loader; @ 239
Event: 9.177 Thread 0x0000000018c1e800 Uncommon trap: reason=class_check action=maybe_recompile pc=0x0000000002582650 method=sun.misc.URLClassPath.getLoader(I)Lsun/misc/URLClassPath$Loader; @ 239
Event: 9.566 Thread 0x0000000018c1e800 Uncommon trap: reason=unstable_if action=reinterpret pc=0x000000000243ce60 method=java.util.HashMap.hash(Ljava/lang/Object;)I @ 1
Event: 9.579 Thread 0x0000000018c1e800 Uncommon trap: reason=unstable_if action=reinterpret pc=0x000000000218afa8 method=java.util.HashMap.hash(Ljava/lang/Object;)I @ 1
Event: 9.752 Thread 0x0000000018c1e800 Uncommon trap: reason=unstable_if action=reinterpret pc=0x0000000002213078 method=java.util.HashMap.getNode(ILjava/lang/Object;)Ljava/util/HashMap$Node; @ 53
Event: 9.752 Thread 0x0000000018c1e800 Uncommon trap: reason=unstable_if action=reinterpret pc=0x00000000023fb5dc method=java.util.HashMap.hash(Ljava/lang/Object;)I @ 1
Event: 9.752 Thread 0x0000000018c1e800 Uncommon trap: reason=unstable_if action=reinterpret pc=0x00000000023f7ddc method=java.util.HashMap.putVal(ILjava/lang/Object;Ljava/lang/Object;ZZ)Ljava/lang/Object; @ 85
Event: 9.809 Thread 0x0000000018c1e800 Uncommon trap: reason=unstable_if action=reinterpret pc=0x0000000002285c30 method=java.util.LinkedHashMap.afterNodeInsertion(Z)V @ 1

Classes redefined (0 events):
No events

Internal exceptions (10 events):
Event: 9.253 Thread 0x0000000018c1e800 Exception <a 'java/lang/ClassNotFoundException': org/gradle/initialization/DefaultSettings_DecoratedCustomizer> (0x00000000e1741908) thrown at [D:\src\AOSP-openjdk-cygwin\jdk8u\hotspot\src\share\vm\classfile\systemDictionary.cpp, line 210]
Event: 9.299 Thread 0x0000000018c1e800 Exception <a 'java/lang/ClassNotFoundException': org/gradle/initialization/DefaultProjectDescriptorBeanInfo> (0x00000000e19df7a0) thrown at [D:\src\AOSP-openjdk-cygwin\jdk8u\hotspot\src\share\vm\classfile\systemDictionary.cpp, line 210]
Event: 9.300 Thread 0x0000000018c1e800 Exception <a 'java/lang/ClassNotFoundException': org/gradle/initialization/DefaultProjectDescriptorCustomizer> (0x00000000e1a0a230) thrown at [D:\src\AOSP-openjdk-cygwin\jdk8u\hotspot\src\share\vm\classfile\systemDictionary.cpp, line 210]
Event: 9.305 Thread 0x0000000018c2b000 Exception <a 'java/lang/NoSuchMethodError': <clinit>> (0x00000000e0c7fda0) thrown at [D:\src\AOSP-openjdk-cygwin\jdk8u\hotspot\src\share\vm\prims\jni.cpp, line 1614]
Event: 9.306 Thread 0x0000000018c2b000 Exception <a 'java/lang/NoSuchMethodError': <clinit>> (0x00000000e0c959a8) thrown at [D:\src\AOSP-openjdk-cygwin\jdk8u\hotspot\src\share\vm\prims\jni.cpp, line 1614]
Event: 9.307 Thread 0x0000000018c2b000 Exception <a 'java/lang/NoSuchMethodError': <clinit>> (0x00000000e0c966c0) thrown at [D:\src\AOSP-openjdk-cygwin\jdk8u\hotspot\src\share\vm\prims\jni.cpp, line 1614]
Event: 9.307 Thread 0x0000000018c2b000 Exception <a 'java/lang/NoSuchMethodError': <clinit>> (0x00000000e0c97bf8) thrown at [D:\src\AOSP-openjdk-cygwin\jdk8u\hotspot\src\share\vm\prims\jni.cpp, line 1614]
Event: 9.566 Thread 0x0000000018c1e800 Implicit null exception at 0x000000000243cc55 to 0x000000000243ce51
Event: 9.579 Thread 0x0000000018c1e800 Implicit null exception at 0x000000000218af2f to 0x000000000218af99
Event: 9.752 Thread 0x0000000018c1e800 Implicit null exception at 0x00000000023fb15b to 0x00000000023fb5c1

Events (10 events):
Event: 9.845 loading class org/gradle/internal/resources/DefaultResourceLockCoordinationService$ReleaseLocks
Event: 9.845 loading class org/gradle/internal/resources/DefaultResourceLockCoordinationService$ReleaseLocks done
Event: 9.845 loading class com/google/common/collect/AbstractMapBasedMultimap$AsMap
Event: 9.845 loading class com/google/common/collect/AbstractMapBasedMultimap$AsMap done
Event: 9.845 loading class com/google/common/collect/Maps$ViewCachingAbstractMap
Event: 9.845 loading class com/google/common/collect/Maps$ViewCachingAbstractMap done
Event: 9.847 loading class org/gradle/configuration/project/ConfigureActionsProjectEvaluator
Event: 9.847 loading class org/gradle/configuration/project/ConfigureActionsProjectEvaluator done
Event: 9.849 loading class org/gradle/kotlin/dsl/tooling/builders/KotlinScriptingModelBuildersRegistrationAction
Event: 9.849 loading class org/gradle/kotlin/dsl/tooling/builders/KotlinScriptingModelBuildersRegistrationAction done


Dynamic libraries:
0x00007ff79ac80000 - 0x00007ff79acb1000 	C:\Program Files\Android\Android Studio\jre\bin\java.exe
0x00007ff991850000 - 0x00007ff9919fa000 	C:\Windows\SYSTEM32\ntdll.dll
0x00007ff98f540000 - 0x00007ff98f67a000 	C:\Windows\system32\KERNEL32.DLL
0x00007ff970da0000 - 0x00007ff970db4000 	C:\Program Files\AVAST Software\Avast\aswhook.dll
0x00007ff98eec0000 - 0x00007ff98efcf000 	C:\Windows\system32\KERNELBASE.dll
0x00007ff98f420000 - 0x00007ff98f4c5000 	C:\Windows\system32\ADVAPI32.dll
0x00007ff990cc0000 - 0x00007ff990e31000 	C:\Windows\system32\USER32.dll
0x00007ff98d090000 - 0x00007ff98d2ea000 	C:\Windows\WinSxS\amd64_microsoft.windows.common-controls_6595b64144ccf1df_6.0.9600.17031_none_6242a4b3ecbb55a1\COMCTL32.dll
0x00007ff990f00000 - 0x00007ff990fa7000 	C:\Windows\system32\msvcrt.dll
0x00007ff9911f0000 - 0x00007ff991247000 	C:\Windows\SYSTEM32\sechost.dll
0x00007ff98f0d0000 - 0x00007ff98f206000 	C:\Windows\system32\RPCRT4.dll
0x00007ff991660000 - 0x00007ff9917a5000 	C:\Windows\system32\GDI32.dll
0x00007ff98f3d0000 - 0x00007ff98f404000 	C:\Windows\system32\IMM32.DLL
0x00007ff98f210000 - 0x00007ff98f349000 	C:\Windows\system32\MSCTF.dll
0x0000000072dc0000 - 0x0000000072e92000 	C:\Program Files\Android\Android Studio\jre\jre\bin\msvcr100.dll
0x0000000072ea0000 - 0x00000000736e6000 	C:\Program Files\Android\Android Studio\jre\jre\bin\server\jvm.dll
0x00007ff988710000 - 0x00007ff988719000 	C:\Windows\SYSTEM32\WSOCK32.dll
0x00007ff983750000 - 0x00007ff98376f000 	C:\Windows\SYSTEM32\WINMM.dll
0x00007ff987d50000 - 0x00007ff987d5a000 	C:\Windows\SYSTEM32\VERSION.dll
0x00007ff98f4d0000 - 0x00007ff98f4d7000 	C:\Windows\system32\PSAPI.DLL
0x00007ff98f370000 - 0x00007ff98f3c8000 	C:\Windows\system32\WS2_32.dll
0x00007ff982580000 - 0x00007ff9825aa000 	C:\Windows\SYSTEM32\WINMMBASE.dll
0x00007ff98f360000 - 0x00007ff98f369000 	C:\Windows\system32\NSI.dll
0x00007ff98ec90000 - 0x00007ff98ecda000 	C:\Windows\SYSTEM32\cfgmgr32.dll
0x00007ff98da50000 - 0x00007ff98da76000 	C:\Windows\SYSTEM32\DEVOBJ.dll
0x00007ff98d7c0000 - 0x00007ff98d7cf000 	C:\Program Files\Android\Android Studio\jre\jre\bin\verify.dll
0x00007ff972430000 - 0x00007ff972459000 	C:\Program Files\Android\Android Studio\jre\jre\bin\java.dll
0x00007ff97b220000 - 0x00007ff97b236000 	C:\Program Files\Android\Android Studio\jre\jre\bin\zip.dll
0x00007ff98f880000 - 0x00007ff990c97000 	C:\Windows\system32\SHELL32.dll
0x00007ff991250000 - 0x00007ff991426000 	C:\Windows\SYSTEM32\combase.dll
0x00007ff991190000 - 0x00007ff9911e1000 	C:\Windows\system32\SHLWAPI.dll
0x00007ff98d550000 - 0x00007ff98d5ef000 	C:\Windows\SYSTEM32\SHCORE.dll
0x00007ff98ebc0000 - 0x00007ff98ebd4000 	C:\Windows\SYSTEM32\profapi.dll
0x00007ff977050000 - 0x00007ff97706a000 	C:\Program Files\Android\Android Studio\jre\jre\bin\net.dll
0x00007ff98e480000 - 0x00007ff98e4d8000 	C:\Windows\system32\mswsock.dll
0x00007ff973390000 - 0x00007ff9733a1000 	C:\Program Files\Android\Android Studio\jre\jre\bin\nio.dll
0x00007ff970530000 - 0x00007ff970556000 	C:\Users\RPL\.gradle\native\29\windows-amd64\native-platform.dll
0x00007ff98d7b0000 - 0x00007ff98d7bd000 	C:\Program Files\Android\Android Studio\jre\jre\bin\management.dll
0x00007ff98e4e0000 - 0x00007ff98e4fe000 	C:\Windows\SYSTEM32\CRYPTSP.dll
0x00007ff98e120000 - 0x00007ff98e155000 	C:\Windows\system32\rsaenh.dll
0x00007ff98e710000 - 0x00007ff98e736000 	C:\Windows\SYSTEM32\bcrypt.dll
0x00007ff98e230000 - 0x00007ff98e24e000 	C:\Windows\SYSTEM32\USERENV.dll
0x00007ff98ea30000 - 0x00007ff98ea90000 	C:\Windows\system32\bcryptprimitives.dll
0x00007ff98ea90000 - 0x00007ff98ea9a000 	C:\Windows\SYSTEM32\CRYPTBASE.dll
0x00007ff988fd0000 - 0x00007ff988ff9000 	C:\Windows\SYSTEM32\IPHLPAPI.DLL
0x00007ff9888a0000 - 0x00007ff9888aa000 	C:\Windows\SYSTEM32\WINNSI.DLL
0x00007ff9887c0000 - 0x00007ff9887d4000 	C:\Windows\SYSTEM32\dhcpcsvc6.DLL
0x00007ff9887a0000 - 0x00007ff9887b9000 	C:\Windows\SYSTEM32\dhcpcsvc.DLL

VM Arguments:
jvm_args: -Xmx1536m -Dfile.encoding=windows-1252 -Duser.country=US -Duser.language=en -Duser.variant 
java_command: org.gradle.launcher.daemon.bootstrap.GradleDaemon 5.4.1
java_class_path (initial): C:\Users\RPL\.gradle\wrapper\dists\gradle-5.4.1-all\3221gyojl5jsh0helicew7rwx\gradle-5.4.1\lib\gradle-launcher-5.4.1.jar
Launcher Type: SUN_STANDARD

Environment Variables:
PATH=C:\Windows\system32;C:\Windows;C:\Windows\System32\Wbem;C:\Windows\System32\WindowsPowerShell\v1.0\;C:\Program Files (x86)\Microsoft SQL Server\100\Tools\Binn\;C:\Program Files\Microsoft SQL Server\100\Tools\Binn\;C:\Program Files\Microsoft SQL Server\100\DTS\Binn\;C:\Program Files\Git\cmd;;C:\Users\RPL\AppData\Local\Programs\Microsoft VS Code\bin
USERNAME=RPL
OS=Windows_NT
PROCESSOR_IDENTIFIER=Intel64 Family 6 Model 94 Stepping 3, GenuineIntel



---------------  S Y S T E M  ---------------

OS: Windows 8.1 , 64 bit Build 9600 (6.3.9600.17056)

CPU:total 4 (initial active 4) (2 cores per cpu, 2 threads per core) family 6 model 94 stepping 3, cmov, cx8, fxsr, mmx, sse, sse2, sse3, ssse3, sse4.1, sse4.2, popcnt, avx, avx2, aes, clmul, erms, 3dnowpref, lzcnt, ht, tsc, tscinvbit, bmi1, bmi2, adx

Memory: 4k page, physical 4083812k(693108k free), swap 16666724k(7156k free)

vm_info: OpenJDK 64-Bit Server VM (25.202-b03) for windows-amd64 JRE (1.8.0_202-release-1483-b03), built by "builder" with MS VC++ 10.0 (VS2010)

time: Mon Oct 21 01:03:39 2019
timezone: Pacific Daylight Time
elapsed time: 9 seconds (0d 0h 0m 9s)

